Name:                   gateway
Namespace:              dev-platform
CreationTimestamp:      Thu, 02 Apr 2026 17:07:56 +0800
Labels:                 app=gateway
Annotations:            deployment.kubernetes.io/revision: 1
Selector:               app=gateway
Replicas:               1 desired | 1 updated | 1 total | 0 available | 1 unavailable
StrategyType:           RollingUpdate
MinReadySeconds:        0
RollingUpdateStrategy:  25% max unavailable, 25% max surge
Pod Template:
  Labels:  app=gateway
  Containers:
   gateway:
    Image:         nginx:1.25
    Port:          80/TCP
    Host Port:     0/TCP
    Readiness:     http-get http://:80/ delay=3s timeout=1s period=5s #success=1 #failure=3
    Environment:   <none>
    Mounts:        <none>
  Volumes:         <none>
  Node-Selectors:  <none>
  Tolerations:     <none>
Conditions:
  Type           Status  Reason
  ----           ------  ------
  Available      False   MinimumReplicasUnavailable
  Progressing    False   ProgressDeadlineExceeded
OldReplicaSets:  <none>
NewReplicaSet:   gateway-798f44d797 (1/1 replicas created)
Events:
  Type    Reason             Age   From                   Message
  ----    ------             ----  ----                   -------
  Normal  ScalingReplicaSet  17m   deployment-controller  Scaled up replica set gateway-798f44d797 from 0 to 1
